生成启动时间为 2016/2/20 15:18:26。
     1>项目“F:\我的文档\Visual Studio 2010\Projects\MyCode for 3D game programming\SoftRender\SoftRender\SoftRender\SoftRender.vcxproj”在节点 2 上(build 个目标)。
     1>InitializeBuildStatus:
         正在创建“Release\SoftRender.unsuccessfulbuild”，因为已指定“AlwaysCreate”。
       CustomBuild:
         所有输出均为最新。
       ClCompile:
         C:\Program Files (x86)\Microsoft Visual Studio 10.0\VC\bin\CL.exe /c /I.\GeneratedFiles /I. /ID:\QT\5.2.0\msvc2010_opengl\include /I.\GeneratedFiles\Release /ID:\QT\5.2.0\msvc2010_opengl\include\QtCore /ID:\QT\5.2.0\msvc2010_opengl\include\QtGui /ID:\QT\5.2.0\msvc2010_opengl\include\QtOpenGL /ID:\QT\5.2.0\msvc2010_opengl\include\QtWidgets /nologo /W1 /WX- /O2 /Oy- /D UNICODE /D WIN32 /D WIN64 /D QT_DLL /D QT_NO_DEBUG /D NDEBUG /D QT_CORE_LIB /D QT_GUI_LIB /D QT_OPENGL_LIB /D QT_WIDGETS_LIB /Gm- /EHsc /MD /GS /fp:precise /Zc:wchar_t /Zc:forScope /Fo"Release\\" /Fd"Release\vc100.pdb" /Gd /TP /analyze- /errorReport:prompt RenderView.cpp
         RenderView.cpp
         所有输出均为最新。
       Link:
         C:\Program Files (x86)\Microsoft Visual Studio 10.0\VC\bin\link.exe /ERRORREPORT:PROMPT /OUT:"F:\我的文档\Visual Studio 2010\Projects\MyCode for 3D game programming\SoftRender\SoftRender\Win32\Release\\SoftRender.exe" /NOLOGO /LIBPATH:D:\QT\5.2.0\msvc2010_opengl\lib qtmain.lib Qt5Core.lib Qt5Gui.lib Qt5OpenGL.lib opengl32.lib glu32.lib Qt5Widgets.lib d3d11.lib d3dx11d.lib D3DCompiler.lib dxerr.lib dxgi.lib dxguid.lib opencv_ml2410d.lib opencv_calib3d2410d.lib opencv_contrib2410d.lib opencv_core2410d.lib opencv_features2d2410d.lib opencv_flann2410d.lib opencv_gpu2410d.lib opencv_highgui2410d.lib opencv_imgproc2410d.lib opencv_legacy2410d.lib opencv_objdetect2410d.lib opencv_ts2410d.lib opencv_video2410d.lib opencv_nonfree2410d.lib opencv_ocl2410d.lib opencv_photo2410d.lib opencv_stitching2410d.lib opencv_superres2410d.lib opencv_videostab2410d.lib opencv_objdetect2410.lib opencv_ts2410.lib opencv_video2410.lib opencv_nonfree2410.lib opencv_ocl2410.lib opencv_photo2410.lib opencv_stitching2410.lib opencv_superres2410.lib opencv_videostab2410.lib opencv_calib3d2410.lib opencv_contrib2410.lib opencv_core2410.lib opencv_features2d2410.lib opencv_flann2410.lib opencv_gpu2410.lib opencv_highgui2410.lib opencv_imgproc2410.lib opencv_legacy2410.lib opencv_ml2410.lib winmm.lib d3dx9d.lib d3dx10d.lib d3d9.lib comctl32.lib kernel32.lib user32.lib gdi32.lib winspool.lib comdlg32.lib advapi32.lib shell32.lib ole32.lib oleaut32.lib uuid.lib odbc32.lib odbccp32.lib /MANIFEST /ManifestFile:"Release\SoftRender.exe.intermediate.manifest" /MANIFESTUAC:"level='asInvoker' uiAccess='false'" /PDB:"F:\我的文档\Visual Studio 2010\Projects\MyCode for 3D game programming\SoftRender\SoftRender\Win32\Release\SoftRender.pdb" /SUBSYSTEM:CONSOLE /TLBID:1 /DYNAMICBASE /NXCOMPAT /IMPLIB:"F:\我的文档\Visual Studio 2010\Projects\MyCode for 3D game programming\SoftRender\SoftRender\Win32\Release\SoftRender.lib" /MACHINE:X86 Release\ArcBall.obj
         Release\CPARSERV1.obj
         Release\Data_structure.obj
         Release\qrc_softrender.obj
         Release\moc_RenderView.obj
         Release\moc_softrender.obj
         Release\GlobalSys.obj
         Release\Image.obj
         Release\main.obj
         Release\MyArcball.obj
         Release\RenderView.obj
         Release\softrender.obj
         SoftRender.vcxproj -> F:\我的文档\Visual Studio 2010\Projects\MyCode for 3D game programming\SoftRender\SoftRender\Win32\Release\SoftRender.exe
       Manifest:
         C:\Program Files (x86)\Microsoft SDKs\Windows\v7.0A\bin\mt.exe /nologo /verbose /outputresource:"F:\我的文档\Visual Studio 2010\Projects\MyCode for 3D game programming\SoftRender\SoftRender\Win32\Release\\SoftRender.exe;#1" /manifest Release\SoftRender.exe.intermediate.manifest
       FinalizeBuildStatus:
         正在删除文件“Release\SoftRender.unsuccessfulbuild”。
         正在对“Release\SoftRender.lastbuildstate”执行 Touch 任务。
     1>已完成生成项目“F:\我的文档\Visual Studio 2010\Projects\MyCode for 3D game programming\SoftRender\SoftRender\SoftRender\SoftRender.vcxproj”(build 个目标)的操作。

生成成功。

已用时间 00:00:09.48
