F:\我的文档\Visual Studio 2010\Projects\MyCode for 3D game programming\SoftRender\SoftRender\Debug\cl.command.1.tlog
F:\我的文档\Visual Studio 2010\Projects\MyCode for 3D game programming\SoftRender\SoftRender\Debug\CL.read.1.tlog
F:\我的文档\Visual Studio 2010\Projects\MyCode for 3D game programming\SoftRender\SoftRender\Debug\CL.write.1.tlog
F:\我的文档\Visual Studio 2010\Projects\MyCode for 3D game programming\SoftRender\SoftRender\Debug\custombuild.command.1.tlog
F:\我的文档\Visual Studio 2010\Projects\MyCode for 3D game programming\SoftRender\SoftRender\Debug\custombuild.read.1.tlog
F:\我的文档\Visual Studio 2010\Projects\MyCode for 3D game programming\SoftRender\SoftRender\Debug\custombuild.write.1.tlog
F:\我的文档\VISUAL STUDIO 2010\PROJECTS\MYCODE FOR 3D GAME PROGRAMMING\SOFTRENDER\SOFTRENDER\DEBUG\DATA_STRUCTURE.OBJ
F:\我的文档\VISUAL STUDIO 2010\PROJECTS\MYCODE FOR 3D GAME PROGRAMMING\SOFTRENDER\SOFTRENDER\DEBUG\GLOBALSYS.OBJ
F:\我的文档\Visual Studio 2010\Projects\MyCode for 3D game programming\SoftRender\SoftRender\Debug\link.command.1.tlog
F:\我的文档\Visual Studio 2010\Projects\MyCode for 3D game programming\SoftRender\SoftRender\Debug\link.read.1.tlog
F:\我的文档\Visual Studio 2010\Projects\MyCode for 3D game programming\SoftRender\SoftRender\Debug\link.write.1.tlog
F:\我的文档\VISUAL STUDIO 2010\PROJECTS\MYCODE FOR 3D GAME PROGRAMMING\SOFTRENDER\SOFTRENDER\DEBUG\MAIN.OBJ
F:\我的文档\VISUAL STUDIO 2010\PROJECTS\MYCODE FOR 3D GAME PROGRAMMING\SOFTRENDER\SOFTRENDER\DEBUG\MOC_RENDERVIEW.OBJ
F:\我的文档\VISUAL STUDIO 2010\PROJECTS\MYCODE FOR 3D GAME PROGRAMMING\SOFTRENDER\SOFTRENDER\DEBUG\MOC_SOFTRENDER.OBJ
F:\我的文档\Visual Studio 2010\Projects\MyCode for 3D game programming\SoftRender\SoftRender\Debug\mt.command.1.tlog
F:\我的文档\Visual Studio 2010\Projects\MyCode for 3D game programming\SoftRender\SoftRender\Debug\mt.read.1.tlog
F:\我的文档\Visual Studio 2010\Projects\MyCode for 3D game programming\SoftRender\SoftRender\Debug\mt.write.1.tlog
F:\我的文档\VISUAL STUDIO 2010\PROJECTS\MYCODE FOR 3D GAME PROGRAMMING\SOFTRENDER\SOFTRENDER\DEBUG\QRC_SOFTRENDER.OBJ
F:\我的文档\VISUAL STUDIO 2010\PROJECTS\MYCODE FOR 3D GAME PROGRAMMING\SOFTRENDER\SOFTRENDER\DEBUG\RENDERVIEW.OBJ
F:\我的文档\VISUAL STUDIO 2010\PROJECTS\MYCODE FOR 3D GAME PROGRAMMING\SOFTRENDER\SOFTRENDER\DEBUG\SOFTRENDER.EXE.INTERMEDIATE.MANIFEST
F:\我的文档\VISUAL STUDIO 2010\PROJECTS\MYCODE FOR 3D GAME PROGRAMMING\SOFTRENDER\SOFTRENDER\DEBUG\SOFTRENDER.OBJ
F:\我的文档\Visual Studio 2010\Projects\MyCode for 3D game programming\SoftRender\SoftRender\Debug\SoftRender.vcxprojResolveAssemblyReference.cache
F:\我的文档\Visual Studio 2010\Projects\MyCode for 3D game programming\SoftRender\SoftRender\Debug\SoftRender.write.1.tlog
F:\我的文档\VISUAL STUDIO 2010\PROJECTS\MYCODE FOR 3D GAME PROGRAMMING\SOFTRENDER\SOFTRENDER\DEBUG\VC100.PDB
F:\我的文档\VISUAL STUDIO 2010\PROJECTS\MYCODE FOR 3D GAME PROGRAMMING\SOFTRENDER\SOFTRENDER\GENERATEDFILES\DEBUG\MOC_RENDERVIEW.CPP
F:\我的文档\VISUAL STUDIO 2010\PROJECTS\MYCODE FOR 3D GAME PROGRAMMING\SOFTRENDER\SOFTRENDER\GENERATEDFILES\DEBUG\MOC_SOFTRENDER.CPP
F:\我的文档\VISUAL STUDIO 2010\PROJECTS\MYCODE FOR 3D GAME PROGRAMMING\SOFTRENDER\SOFTRENDER\GENERATEDFILES\QRC_SOFTRENDER.CPP
F:\我的文档\VISUAL STUDIO 2010\PROJECTS\MYCODE FOR 3D GAME PROGRAMMING\SOFTRENDER\SOFTRENDER\GENERATEDFILES\UI_SOFTRENDER.H
F:\我的文档\VISUAL STUDIO 2010\PROJECTS\MYCODE FOR 3D GAME PROGRAMMING\SOFTRENDER\WIN32\DEBUG\SOFTRENDER.EXE
F:\我的文档\VISUAL STUDIO 2010\PROJECTS\MYCODE FOR 3D GAME PROGRAMMING\SOFTRENDER\WIN32\DEBUG\SOFTRENDER.ILK
F:\我的文档\VISUAL STUDIO 2010\PROJECTS\MYCODE FOR 3D GAME PROGRAMMING\SOFTRENDER\WIN32\DEBUG\SOFTRENDER.PDB
